<?xml version="1.0" encoding="UTF-8"?>
<!-- Generated by org.testng.reporters.JUnitReportReporter -->
<testsuite hostname="LAPTOP-5JBF6FTA" failures="0" tests="2" name="testCases.TC_001_AccountRegistration" time="5.122" errors="0" timestamp="2025-07-06T23:20:34 IST" skipped="0">
  <testcase classname="testCases.TC_001_AccountRegistration" name="verify_account_regustration" time="2.469"/>
  <testcase classname="testCases.TC_001_AccountRegistration" name="verify_account_regustration" time="2.653"/>
</testsuite> <!-- testCases.TC_001_AccountRegistration -->
