<?xml version="1.0" encoding="UTF-8"?>
<!-- Generated by org.testng.reporters.JUnitReportReporter -->
<testsuite hostname="LAPTOP-5JBF6FTA" failures="0" tests="5" name="testCases.TC_003_LoginDDT" time="43.489" errors="0" timestamp="2025-05-17T23:27:56 IST" skipped="0">
  <testcase classname="testCases.TC_003_LoginDDT" name="verify_loginDDT" time="7.249"/>
  <testcase classname="testCases.TC_003_LoginDDT" name="verify_loginDDT" time="11.188"/>
  <testcase classname="testCases.TC_003_LoginDDT" name="verify_loginDDT" time="6.701"/>
  <testcase classname="testCases.TC_003_LoginDDT" name="verify_loginDDT" time="6.851"/>
  <testcase classname="testCases.TC_003_LoginDDT" name="verify_loginDDT" time="11.500"/>
</testsuite> <!-- testCases.TC_003_LoginDDT -->
